Building DAG of jobs...
Using shell: /bin/bash
Provided cores: 8
Rules claiming more threads will be scaled down.
Conda environments: ignored
Job stats:
job      count    min threads    max threads
-----  -------  -------------  -------------
all          1              1              1
total        1              1              1

Select jobs to execute...

[Fri May 27 22:07:03 2022]
rule all:
    log: logs/hello.log
    jobid: 0
    resources: tmpdir=/var/folders/p7/lsc65hzs70j7mvh07z08bk880000gn/T

[Fri May 27 22:07:04 2022]
Finished job 0.
1 of 1 steps (100%) done
Complete log: /Users/kikkomep/Work/Crs4/Projects/EOSC-Life/Repositories/snakemake-workflow/.snakemake/log/2022-05-27T220703.804584.snakemake.log
